  stdafx.cpp
  ChildFrm.cpp
  MainFrm.cpp
  WaveEdit.cpp
  WaveEditDoc.cpp
  WaveEditView.cpp
WaveEditView.cpp(130): warning C4244: 'initializing': conversion from 'double' to 'int', possible loss of data
WaveEditView.cpp(132): warning C4018: '<': signed/unsigned mismatch
WaveEditView.cpp(136): warning C4244: 'argument': conversion from 'double' to 'int', possible loss of data
WaveEditView.cpp(136): warning C4244: 'initializing': conversion from 'int' to 'float', possible loss of data
WaveEditView.cpp(340): warning C4244: 'argument': conversion from 'double' to 'int', possible loss of data
WaveEditView.cpp(614): warning C4244: 'argument': conversion from 'double' to 'int', possible loss of data
  WaveFile.cpp
WaveFile.cpp(74): warning C4244: 'initializing': conversion from 'ULONGLONG' to 'int', possible loss of data
WaveFile.cpp(176): warning C4244: '=': conversion from 'unsigned long' to 'unsigned char', possible loss of data
WaveFile.cpp(179): warning C4244: '=': conversion from 'unsigned long' to 'unsigned char', possible loss of data
WaveFile.cpp(180): warning C4244: '=': conversion from 'unsigned long' to 'unsigned char', possible loss of data
WaveFile.cpp(199): warning C4018: '<': signed/unsigned mismatch
WaveFile.cpp(200): warning C4244: 'initializing': conversion from 'double' to 'short', possible loss of data
WaveFile.cpp(234): warning C4018: '<': signed/unsigned mismatch
WaveFile.cpp(248): warning C4244: 'initializing': conversion from 'float' to 'int', possible loss of data
WaveFile.cpp(249): warning C4018: '<': signed/unsigned mismatch
WaveFile.cpp(250): warning C4244: 'initializing': conversion from 'int' to 'float', possible loss of data
WaveFile.cpp(253): warning C4244: '=': conversion from 'int' to 'float', possible loss of data
WaveFile.cpp(268): warning C4244: 'initializing': conversion from 'double' to 'int', possible loss of data
WaveFile.cpp(289): warning C4244: 'initializing': conversion from 'double' to 'int', possible loss of data
WaveFile.cpp(289): warning C4018: '<': signed/unsigned mismatch
WaveFile.cpp(308): warning C4018: '<': signed/unsigned mismatch
WaveFile.cpp(312): warning C4018: '<': signed/unsigned mismatch
WaveFile.cpp(324): warning C4018: '<': signed/unsigned mismatch
WaveFile.cpp(328): warning C4018: '<': signed/unsigned mismatch
WaveFile.cpp(332): warning C4018: '<': signed/unsigned mismatch
WaveFile.obj : error LNK2001: unresolved external symbol __imp__PlaySoundW@12
C:\Users\Joshua\Desktop\gitCS390\CS390_Cpp\WaveEdit\Release\WaveEdit.exe : fatal error LNK1120: 1 unresolved externals
