c:\users\snake\desktop\git-repositories\cs390\cs390_cpp\waveedit\waveedit\debug\waveedit.pch
c:\users\snake\desktop\git-repositories\cs390\cs390_cpp\waveedit\waveedit\debug\vc140.pdb
c:\users\snake\desktop\git-repositories\cs390\cs390_cpp\waveedit\waveedit\debug\vc140.idb
c:\users\snake\desktop\git-repositories\cs390\cs390_cpp\waveedit\waveedit\debug\stdafx.obj
c:\users\snake\desktop\git-repositories\cs390\cs390_cpp\waveedit\waveedit\debug\childfrm.obj
c:\users\snake\desktop\git-repositories\cs390\cs390_cpp\waveedit\waveedit\debug\command.obj
c:\users\snake\desktop\git-repositories\cs390\cs390_cpp\waveedit\waveedit\debug\mainfrm.obj
c:\users\snake\desktop\git-repositories\cs390\cs390_cpp\waveedit\waveedit\debug\waveedit.obj
c:\users\snake\desktop\git-repositories\cs390\cs390_cpp\waveedit\waveedit\debug\waveeditdoc.obj
c:\users\snake\desktop\git-repositories\cs390\cs390_cpp\waveedit\waveedit\debug\waveeditview.obj
c:\users\snake\desktop\git-repositories\cs390\cs390_cpp\waveedit\waveedit\debug\wavefile.obj
c:\users\snake\desktop\git-repositories\cs390\cs390_cpp\waveedit\waveedit\debug\waveedit.res
c:\users\snake\desktop\git-repositories\cs390\cs390_cpp\waveedit\debug\waveedit.pdb
c:\users\snake\desktop\git-repositories\cs390\cs390_cpp\waveedit\debug\waveedit.exe
c:\users\snake\desktop\git-repositories\cs390\cs390_cpp\waveedit\debug\waveedit.ilk
c:\users\snake\desktop\git-repositories\cs390\cs390_cpp\waveedit\waveedit\debug\waveedit.tlog\cl.command.1.tlog
c:\users\snake\desktop\git-repositories\cs390\cs390_cpp\waveedit\waveedit\debug\waveedit.tlog\cl.read.1.tlog
c:\users\snake\desktop\git-repositories\cs390\cs390_cpp\waveedit\waveedit\debug\waveedit.tlog\cl.write.1.tlog
c:\users\snake\desktop\git-repositories\cs390\cs390_cpp\waveedit\waveedit\debug\waveedit.tlog\link.12964.delete.1.tlog
c:\users\snake\desktop\git-repositories\cs390\cs390_cpp\waveedit\waveedit\debug\waveedit.tlog\link.command.1.tlog
c:\users\snake\desktop\git-repositories\cs390\cs390_cpp\waveedit\waveedit\debug\waveedit.tlog\link.delete.1.tlog
c:\users\snake\desktop\git-repositories\cs390\cs390_cpp\waveedit\waveedit\debug\waveedit.tlog\link.read.1.tlog
c:\users\snake\desktop\git-repositories\cs390\cs390_cpp\waveedit\waveedit\debug\waveedit.tlog\link.write.1.tlog
c:\users\snake\desktop\git-repositories\cs390\cs390_cpp\waveedit\waveedit\debug\waveedit.tlog\rc.command.1.tlog
c:\users\snake\desktop\git-repositories\cs390\cs390_cpp\waveedit\waveedit\debug\waveedit.tlog\rc.read.1.tlog
c:\users\snake\desktop\git-repositories\cs390\cs390_cpp\waveedit\waveedit\debug\waveedit.tlog\rc.write.1.tlog
